2020-12-22 13:08:01,975 - This message should go to the log file
2020-12-22 13:08:01,975 - So should this
2020-12-22 13:12:20,112 - starte Schleife
2020-12-22 13:12:20,115 - Schleifendurchlaucht 1
2020-12-22 13:12:20,116 - Schleifendurchlaucht 2
2020-12-22 13:12:20,116 - Schleifendurchlaucht 3
2020-12-22 13:12:20,116 - Schleifendurchlaucht 4
2020-12-22 13:12:20,116 - Schleifendurchlaucht 5
2020-12-22 13:12:20,116 - Schleifendurchlaucht 6
2020-12-22 13:12:20,116 - Schleifendurchlaucht 7
2020-12-22 13:12:20,116 - Schleifendurchlaucht 8
2020-12-22 13:12:20,116 - Schleifendurchlaucht 9
2020-12-22 13:12:20,116 - Schleifendurchlaucht 10
2020-12-22 13:12:20,117 - Schleifendurchlaucht 11
2020-12-22 13:12:20,117 - Schleifendurchlaucht 12
2020-12-22 13:12:20,117 - Schleifendurchlaucht 13
2020-12-22 13:12:20,117 - Schleifendurchlaucht 14
2020-12-22 13:12:20,117 - Schleifendurchlaucht 15
2020-12-22 13:12:20,117 - Schleifendurchlaucht 16
2020-12-22 13:12:20,117 - Schleifendurchlaucht 17
2020-12-22 13:12:20,117 - Schleifendurchlaucht 18
2020-12-22 13:12:20,117 - Schleifendurchlaucht 19
2020-12-22 13:12:20,118 - beende Schleife
